<?xml version="1.0" encoding="UTF-8"?>
<testsuite name="JUnit Jupiter" tests="0" skipped="0" failures="0" errors="0" time="0.021" hostname="utuVM" timestamp="2019-09-23T10:18:40">
<properties>
<property name="awt.toolkit" value="sun.awt.X11.XToolkit"/>
<property name="file.encoding" value="UTF-8"/>
<property name="file.separator" value="/"/>
<property name="java.awt.graphicsenv" value="sun.awt.X11GraphicsEnvironment"/>
<property name="java.awt.printerjob" value="sun.print.PSPrinterJob"/>
<property name="java.class.path" value="/home/utu/git/oom2019-harj2-1/target/test-classes:/home/utu/.m2/repository/org/junit/jupiter/junit-jupiter-api/5.5.2/junit-jupiter-api-5.5.2.jar:/home/utu/.m2/repository/org/apiguardian/apiguardian-api/1.1.0/apiguardian-api-1.1.0.jar:/home/utu/.m2/repository/org/opentest4j/opentest4j/1.2.0/opentest4j-1.2.0.jar:/home/utu/.m2/repository/org/junit/jupiter/junit-jupiter-params/5.5.2/junit-jupiter-params-5.5.2.jar:/home/utu/.m2/repository/org/junit/platform/junit-platform-commons/1.5.2/junit-platform-commons-1.5.2.jar:/home/utu/.m2/repository/net/jqwik/jqwik/1.2.0/jqwik-1.2.0.jar:/home/utu/.m2/repository/net/jqwik/jqwik-api/1.2.0/jqwik-api-1.2.0.jar:/home/utu/.m2/repository/net/jqwik/jqwik-engine/1.2.0/jqwik-engine-1.2.0.jar:/home/utu/git/oom2019-harj2-1/target/classes:/home/utu/.m2/repository/org/openjfx/javafx-base/13/javafx-base-13.jar:/home/utu/.m2/repository/org/openjfx/javafx-base/13/javafx-base-13-linux.jar:/home/utu/.m2/repository/org/openjfx/javafx-controls/13/javafx-controls-13.jar:/home/utu/.m2/repository/org/openjfx/javafx-controls/13/javafx-controls-13-linux.jar:/home/utu/.m2/repository/org/openjfx/javafx-fxml/13/javafx-fxml-13.jar:/home/utu/.m2/repository/org/openjfx/javafx-fxml/13/javafx-fxml-13-linux.jar:/home/utu/.m2/repository/org/openjfx/javafx-graphics/13/javafx-graphics-13.jar:/home/utu/.m2/repository/org/openjfx/javafx-graphics/13/javafx-graphics-13-linux.jar:/home/utu/.m2/repository/org/openjfx/javafx-media/13/javafx-media-13.jar:/home/utu/.m2/repository/org/openjfx/javafx-media/13/javafx-media-13-linux.jar:/home/utu/.m2/repository/org/openjfx/javafx-swing/13/javafx-swing-13.jar:/home/utu/.m2/repository/org/openjfx/javafx-swing/13/javafx-swing-13-linux.jar:/home/utu/.m2/repository/org/openjfx/javafx-web/13/javafx-web-13.jar:/home/utu/.m2/repository/org/openjfx/javafx-web/13/javafx-web-13-linux.jar:/home/utu/.m2/repository/org/junit/platform/junit-platform-launcher/1.5.2/junit-platform-launcher-1.5.2.jar:/home/utu/.m2/repository/org/junit/platform/junit-platform-engine/1.5.2/junit-platform-engine-1.5.2.jar:/home/utu/.m2/repository/org/junit/platform/junit-platform-reporting/1.5.2/junit-platform-reporting-1.5.2.jar:/home/utu/.m2/repository/org/junit/platform/junit-platform-console/1.5.2/junit-platform-console-1.5.2.jar:/home/utu/.m2/repository/org/junit/jupiter/junit-jupiter-engine/5.5.2/junit-jupiter-engine-5.5.2.jar"/>
<property name="java.class.version" value="55.0"/>
<property name="java.home" value="/usr/lib/jvm/java-11-openjdk-amd64"/>
<property name="java.io.tmpdir" value="/tmp"/>
<property name="java.library.path" value="/usr/java/packages/lib:/usr/lib/x86_64-linux-gnu/jni:/lib/x86_64-linux-gnu:/usr/lib/x86_64-linux-gnu:/usr/lib/jni:/lib:/usr/lib"/>
<property name="java.runtime.name" value="OpenJDK Runtime Environment"/>
<property name="java.runtime.version" value="11.0.4+11-post-Debian-1deb10u1"/>
<property name="java.specification.name" value="Java Platform API Specification"/>
<property name="java.specification.vendor" value="Oracle Corporation"/>
<property name="java.specification.version" value="11"/>
<property name="java.vendor" value="Debian"/>
<property name="java.vendor.url" value="https://tracker.debian.org/openjdk-11"/>
<property name="java.vendor.url.bug" value="https://bugs.debian.org/openjdk-11"/>
<property name="java.version" value="11.0.4"/>
<property name="java.version.date" value="2019-07-16"/>
<property name="java.vm.compressedOopsMode" value="32-bit"/>
<property name="java.vm.info" value="mixed mode, sharing"/>
<property name="java.vm.name" value="OpenJDK 64-Bit Server VM"/>
<property name="java.vm.specification.name" value="Java Virtual Machine Specification"/>
<property name="java.vm.specification.vendor" value="Oracle Corporation"/>
<property name="java.vm.specification.version" value="11"/>
<property name="java.vm.vendor" value="Debian"/>
<property name="java.vm.version" value="11.0.4+11-post-Debian-1deb10u1"/>
<property name="jdk.debug" value="release"/>
<property name="line.separator" value="
"/>
<property name="os.arch" value="amd64"/>
<property name="os.name" value="Linux"/>
<property name="os.version" value="4.19.69"/>
<property name="path.separator" value=":"/>
<property name="sun.arch.data.model" value="64"/>
<property name="sun.boot.library.path" value="/usr/lib/jvm/java-11-openjdk-amd64/lib"/>
<property name="sun.cpu.endian" value="little"/>
<property name="sun.cpu.isalist" value=""/>
<property name="sun.io.unicode.encoding" value="UnicodeLittle"/>
<property name="sun.java.command" value="org.junit.platform.console.ConsoleLauncher --fail-if-no-tests --disable-ansi-colors --details tree --details-theme ascii --reports-dir /home/utu/git/oom2019-harj2-1/target/junit-platform --scan-class-path"/>
<property name="sun.java.launcher" value="SUN_STANDARD"/>
<property name="sun.jnu.encoding" value="UTF-8"/>
<property name="sun.management.compiler" value="HotSpot 64-Bit Tiered Compilers"/>
<property name="sun.os.patch.level" value="unknown"/>
<property name="user.country" value="FI"/>
<property name="user.dir" value="/home/utu/git/oom2019-harj2-1"/>
<property name="user.home" value="/home/utu"/>
<property name="user.language" value="fi"/>
<property name="user.name" value="utu"/>
<property name="user.timezone" value="Europe/Helsinki"/>
</properties>
<system-out><![CDATA[
unique-id: [engine:junit-jupiter]
display-name: JUnit Jupiter
]]></system-out>
</testsuite>
